<?xml version="1.0" encoding="UTF-8"?>
<testsuite xmlns:xsi="http://www.w3.org/2001/XMLSchema-instance" xsi:noNamespaceSchemaLocation="https://maven.apache.org/surefire/maven-surefire-plugin/xsd/surefire-test-report.xsd" name="com.jira.kitsjiraclient.KitsjiraclientApplicationTests" time="2.242" tests="1" errors="0" skipped="0" failures="0">
  <properties>
    <property name="awt.toolkit" value="sun.awt.X11.XToolkit"/>
    <property name="java.specification.version" value="11"/>
    <property name="sun.cpu.isalist" value=""/>
    <property name="sun.jnu.encoding" value="UTF-8"/>
    <property name="java.class.path" value="/workspace/KITSJiraClient/target/test-classes:/workspace/KITSJiraClient/target/classes:/workspace/m2-repository/org/springframework/boot/spring-boot-starter-web/2.6.6/spring-boot-starter-web-2.6.6.jar:/workspace/m2-repository/org/springframework/boot/spring-boot-starter/2.6.6/spring-boot-starter-2.6.6.jar:/workspace/m2-repository/org/springframework/boot/spring-boot/2.6.6/spring-boot-2.6.6.jar:/workspace/m2-repository/org/springframework/boot/spring-boot-autoconfigure/2.6.6/spring-boot-autoconfigure-2.6.6.jar:/workspace/m2-repository/org/springframework/boot/spring-boot-starter-logging/2.6.6/spring-boot-starter-logging-2.6.6.jar:/workspace/m2-repository/ch/qos/logback/logback-classic/1.2.11/logback-classic-1.2.11.jar:/workspace/m2-repository/ch/qos/logback/logback-core/1.2.11/logback-core-1.2.11.jar:/workspace/m2-repository/org/apache/logging/log4j/log4j-to-slf4j/2.17.2/log4j-to-slf4j-2.17.2.jar:/workspace/m2-repository/org/apache/logging/log4j/log4j-api/2.17.2/log4j-api-2.17.2.jar:/workspace/m2-repository/org/slf4j/jul-to-slf4j/1.7.36/jul-to-slf4j-1.7.36.jar:/workspace/m2-repository/jakarta/annotation/jakarta.annotation-api/1.3.5/jakarta.annotation-api-1.3.5.jar:/workspace/m2-repository/org/yaml/snakeyaml/1.29/snakeyaml-1.29.jar:/workspace/m2-repository/org/springframework/boot/spring-boot-starter-json/2.6.6/spring-boot-starter-json-2.6.6.jar:/workspace/m2-repository/com/fasterxml/jackson/core/jackson-databind/2.13.2.2/jackson-databind-2.13.2.2.jar:/workspace/m2-repository/com/fasterxml/jackson/core/jackson-annotations/2.13.2/jackson-annotations-2.13.2.jar:/workspace/m2-repository/com/fasterxml/jackson/core/jackson-core/2.13.2/jackson-core-2.13.2.jar:/workspace/m2-repository/com/fasterxml/jackson/datatype/jackson-datatype-jdk8/2.13.2/jackson-datatype-jdk8-2.13.2.jar:/workspace/m2-repository/com/fasterxml/jackson/datatype/jackson-datatype-jsr310/2.13.2/jackson-datatype-jsr310-2.13.2.jar:/workspace/m2-repository/com/fasterxml/jackson/module/jackson-module-parameter-names/2.13.2/jackson-module-parameter-names-2.13.2.jar:/workspace/m2-repository/org/springframework/boot/spring-boot-starter-tomcat/2.6.6/spring-boot-starter-tomcat-2.6.6.jar:/workspace/m2-repository/org/apache/tomcat/embed/tomcat-embed-core/9.0.60/tomcat-embed-core-9.0.60.jar:/workspace/m2-repository/org/apache/tomcat/embed/tomcat-embed-el/9.0.60/tomcat-embed-el-9.0.60.jar:/workspace/m2-repository/org/apache/tomcat/embed/tomcat-embed-websocket/9.0.60/tomcat-embed-websocket-9.0.60.jar:/workspace/m2-repository/org/springframework/spring-web/5.3.18/spring-web-5.3.18.jar:/workspace/m2-repository/org/springframework/spring-webmvc/5.3.18/spring-webmvc-5.3.18.jar:/workspace/m2-repository/org/springframework/spring-aop/5.3.18/spring-aop-5.3.18.jar:/workspace/m2-repository/org/springframework/spring-context/5.3.18/spring-context-5.3.18.jar:/workspace/m2-repository/org/springframework/spring-expression/5.3.18/spring-expression-5.3.18.jar:/workspace/m2-repository/org/springframework/boot/spring-boot-starter-test/2.6.6/spring-boot-starter-test-2.6.6.jar:/workspace/m2-repository/org/springframework/boot/spring-boot-test/2.6.6/spring-boot-test-2.6.6.jar:/workspace/m2-repository/org/springframework/boot/spring-boot-test-autoconfigure/2.6.6/spring-boot-test-autoconfigure-2.6.6.jar:/workspace/m2-repository/com/jayway/jsonpath/json-path/2.6.0/json-path-2.6.0.jar:/workspace/m2-repository/net/minidev/json-smart/2.4.8/json-smart-2.4.8.jar:/workspace/m2-repository/net/minidev/accessors-smart/2.4.8/accessors-smart-2.4.8.jar:/workspace/m2-repository/org/ow2/asm/asm/9.1/asm-9.1.jar:/workspace/m2-repository/jakarta/xml/bind/jakarta.xml.bind-api/2.3.3/jakarta.xml.bind-api-2.3.3.jar:/workspace/m2-repository/jakarta/activation/jakarta.activation-api/1.2.2/jakarta.activation-api-1.2.2.jar:/workspace/m2-repository/org/assertj/assertj-core/3.21.0/assertj-core-3.21.0.jar:/workspace/m2-repository/org/hamcrest/hamcrest/2.2/hamcrest-2.2.jar:/workspace/m2-repository/org/junit/jupiter/junit-jupiter/5.8.2/junit-jupiter-5.8.2.jar:/workspace/m2-repository/org/junit/jupiter/junit-jupiter-api/5.8.2/junit-jupiter-api-5.8.2.jar:/workspace/m2-repository/org/opentest4j/opentest4j/1.2.0/opentest4j-1.2.0.jar:/workspace/m2-repository/org/junit/platform/junit-platform-commons/1.8.2/junit-platform-commons-1.8.2.jar:/workspace/m2-repository/org/apiguardian/apiguardian-api/1.1.2/apiguardian-api-1.1.2.jar:/workspace/m2-repository/org/junit/jupiter/junit-jupiter-params/5.8.2/junit-jupiter-params-5.8.2.jar:/workspace/m2-repository/org/junit/jupiter/junit-jupiter-engine/5.8.2/junit-jupiter-engine-5.8.2.jar:/workspace/m2-repository/org/junit/platform/junit-platform-engine/1.8.2/junit-platform-engine-1.8.2.jar:/workspace/m2-repository/org/mockito/mockito-core/4.0.0/mockito-core-4.0.0.jar:/workspace/m2-repository/net/bytebuddy/byte-buddy/1.11.22/byte-buddy-1.11.22.jar:/workspace/m2-repository/net/bytebuddy/byte-buddy-agent/1.11.22/byte-buddy-agent-1.11.22.jar:/workspace/m2-repository/org/objenesis/objenesis/3.2/objenesis-3.2.jar:/workspace/m2-repository/org/mockito/mockito-junit-jupiter/4.0.0/mockito-junit-jupiter-4.0.0.jar:/workspace/m2-repository/org/skyscreamer/jsonassert/1.5.0/jsonassert-1.5.0.jar:/workspace/m2-repository/com/vaadin/external/google/android-json/0.0.20131108.vaadin1/android-json-0.0.20131108.vaadin1.jar:/workspace/m2-repository/org/springframework/spring-core/5.3.18/spring-core-5.3.18.jar:/workspace/m2-repository/org/springframework/spring-jcl/5.3.18/spring-jcl-5.3.18.jar:/workspace/m2-repository/org/springframework/spring-test/5.3.18/spring-test-5.3.18.jar:/workspace/m2-repository/org/xmlunit/xmlunit-core/2.8.4/xmlunit-core-2.8.4.jar:/workspace/m2-repository/com/atlassian/jira/jira-api/8.20.4/jira-api-8.20.4.jar:/workspace/m2-repository/com/atlassian/annotations/atlassian-annotations/3.0.3/atlassian-annotations-3.0.3.jar:/workspace/m2-repository/org/checkerframework/checker-qual/2.8.1/checker-qual-2.8.1.jar:/workspace/m2-repository/com/atlassian/ofbiz/entityengine-share/1.5.0/entityengine-share-1.5.0.jar:/workspace/m2-repository/xerces/xercesImpl/2.12.0/xercesImpl-2.12.0.jar:/workspace/m2-repository/xml-apis/xml-apis/1.4.01/xml-apis-1.4.01.jar:/workspace/m2-repository/com/atlassian/ofbiz/entityengine/1.5.0/entityengine-1.5.0.jar:/workspace/m2-repository/com/atlassian/collectors/atlassian-collectors-util/1.1/atlassian-collectors-util-1.1.jar:/workspace/m2-repository/opensymphony/webwork/1.4-atlassian-30/webwork-1.4-atlassian-30.jar:/workspace/m2-repository/com/atlassian/html/atlassian-html-encoder/1.4/atlassian-html-encoder-1.4.jar:/workspace/m2-repository/webwork/pell-multipart-request/1.31.0/pell-multipart-request-1.31.0.jar:/workspace/m2-repository/com/atlassian/core/atlassian-core/7.0.4/atlassian-core-7.0.4.jar:/workspace/m2-repository/commons-collections/commons-collections/3.2.2/commons-collections-3.2.2.jar:/workspace/m2-repository/dom4j/dom4j/1.6.1-atlassian-2/dom4j-1.6.1-atlassian-2.jar:/workspace/m2-repository/com/atlassian/image/atlassian-image-consumer/1.0.1/atlassian-image-consumer-1.0.1.jar:/workspace/m2-repository/com/atlassian/core/atlassian-core-user/7.0.4/atlassian-core-user-7.0.4.jar:/workspace/m2-repository/com/atlassian/core/atlassian-core-thumbnail/7.0.4/atlassian-core-thumbnail-7.0.4.jar:/workspace/m2-repository/com/twelvemonkeys/imageio/imageio-jpeg/3.4.1/imageio-jpeg-3.4.1.jar:/workspace/m2-repository/com/twelvemonkeys/imageio/imageio-core/3.4.1/imageio-core-3.4.1.jar:/workspace/m2-repository/com/twelvemonkeys/imageio/imageio-metadata/3.4.1/imageio-metadata-3.4.1.jar:/workspace/m2-repository/com/twelvemonkeys/common/common-lang/3.4.1/common-lang-3.4.1.jar:/workspace/m2-repository/com/twelvemonkeys/common/common-io/3.4.1/common-io-3.4.1.jar:/workspace/m2-repository/com/twelvemonkeys/common/common-image/3.4.1/common-image-3.4.1.jar:/workspace/m2-repository/com/twelvemonkeys/imageio/imageio-tiff/3.4.1/imageio-tiff-3.4.1.jar:/workspace/m2-repository/com/atlassian/extras/atlassian-extras/3.4.6/atlassian-extras-3.4.6.jar:/workspace/m2-repository/com/atlassian/extras/atlassian-extras-key-manager/3.4.6/atlassian-extras-key-manager-3.4.6.jar:/workspace/m2-repository/com/atlassian/extras/atlassian-extras-common/3.4.6/atlassian-extras-common-3.4.6.jar:/workspace/m2-repository/com/atlassian/extras/atlassian-extras-api/3.4.6/atlassian-extras-api-3.4.6.jar:/workspace/m2-repository/com/atlassian/velocity/atlassian-velocity/1.3/atlassian-velocity-1.3.jar:/workspace/m2-repository/opensymphony/oscore/2.2.7/oscore-2.2.7.jar:/workspace/m2-repository/org/apache/velocity/velocity/1.6.4/velocity-1.6.4.jar:/workspace/m2-repository/osworkflow/osworkflow/2.9.0-atlassian-1/osworkflow-2.9.0-atlassian-1.jar:/workspace/m2-repository/opensymphony/propertyset/1.5/propertyset-1.5.jar:/workspace/m2-repository/com/atlassian/cache/atlassian-cache-api/5.1.3/atlassian-cache-api-5.1.3.jar:/workspace/m2-repository/com/atlassian/instrumentation/atlassian-instrumentation-core/3.0.0/atlassian-instrumentation-core-3.0.0.jar:/workspace/m2-repository/com/atlassian/beehive/beehive-api/4.0.4/beehive-api-4.0.4.jar:/workspace/m2-repository/com/atlassian/tenancy/atlassian-tenancy-api/3.0.1/atlassian-tenancy-api-3.0.1.jar:/workspace/m2-repository/com/atlassian/upgrade/upgrade-task-framework-api/2.0.2/upgrade-task-framework-api-2.0.2.jar:/workspace/m2-repository/com/atlassian/crowd/embedded-crowd-api/4.3.6-743967e012/embedded-crowd-api-4.3.6-743967e012.jar:/workspace/m2-repository/com/google/guava/guava/26.0-jre/guava-26.0-jre.jar:/workspace/m2-repository/com/google/errorprone/error_prone_annotations/2.1.3/error_prone_annotations-2.1.3.jar:/workspace/m2-repository/com/google/j2objc/j2objc-annotations/1.1/j2objc-annotations-1.1.jar:/workspace/m2-repository/org/codehaus/mojo/animal-sniffer-annotations/1.14/animal-sniffer-annotations-1.14.jar:/workspace/m2-repository/com/atlassian/fugue/fugue/2.7.0/fugue-2.7.0.jar:/workspace/m2-repository/org/codehaus/jackson/jackson-core-asl/1.9.13-atlassian-6/jackson-core-asl-1.9.13-atlassian-6.jar:/workspace/m2-repository/org/codehaus/jackson/jackson-mapper-asl/1.9.13-atlassian-6/jackson-mapper-asl-1.9.13-atlassian-6.jar:/workspace/m2-repository/com/sun/mail/jakarta.mail/1.6.7/jakarta.mail-1.6.7.jar:/workspace/m2-repository/com/sun/activation/jakarta.activation/1.2.2/jakarta.activation-1.2.2.jar:/workspace/m2-repository/com/atlassian/mail/atlassian-mail/5.1.2/atlassian-mail-5.1.2.jar:/workspace/m2-repository/commons-beanutils/commons-beanutils/1.9.4/commons-beanutils-1.9.4.jar:/workspace/m2-repository/commons-digester/commons-digester/1.8.1/commons-digester-1.8.1.jar:/workspace/m2-repository/oro/oro/2.0.7/oro-2.0.7.jar:/workspace/m2-repository/com/atlassian/threadlocal/atlassian-threadlocal/1.3/atlassian-threadlocal-1.3.jar:/workspace/m2-repository/com/atlassian/applinks/applinks-api/8.0.8/applinks-api-8.0.8.jar:/workspace/m2-repository/com/google/javascript/closure-compiler-unshaded/v20181008/closure-compiler-unshaded-v20181008.jar:/workspace/m2-repository/com/google/javascript/closure-compiler-externs/v20181008/closure-compiler-externs-v20181008.jar:/workspace/m2-repository/args4j/args4j/2.0.26/args4j-2.0.26.jar:/workspace/m2-repository/com/google/jsinterop/jsinterop-annotations/1.0.0/jsinterop-annotations-1.0.0.jar:/workspace/m2-repository/com/google/protobuf/protobuf-java/3.4.0/protobuf-java-3.4.0.jar:/workspace/m2-repository/com/atlassian/velocity/htmlsafe/velocity-htmlsafe/3.2.0/velocity-htmlsafe-3.2.0.jar:/workspace/m2-repository/com/atlassian/plugins/atlassian-plugins-api/5.3.13/atlassian-plugins-api-5.3.13.jar:/workspace/m2-repository/com/atlassian/plugins/atlassian-plugins-webfragment/5.3.2/atlassian-plugins-webfragment-5.3.2.jar:/workspace/m2-repository/com/atlassian/plugins/atlassian-plugins-webfragment-api/5.3.2/atlassian-plugins-webfragment-api-5.3.2.jar:/workspace/m2-repository/com/atlassian/ozymandias/atlassian-plugin-point-safety/1.0.0/atlassian-plugin-point-safety-1.0.0.jar:/workspace/m2-repository/jfree/jfreechart/1.0.13/jfreechart-1.0.13.jar:/workspace/m2-repository/com/atlassian/plugins/atlassian-plugins-webresource/4.3.6/atlassian-plugins-webresource-4.3.6.jar:/workspace/m2-repository/com/atlassian/plugins/atlassian-plugins-webresource-spi/4.3.6/atlassian-plugins-webresource-spi-4.3.6.jar:/workspace/m2-repository/com/atlassian/plugins/atlassian-plugins-webresource-api/4.3.6/atlassian-plugins-webresource-api-4.3.6.jar:/workspace/m2-repository/org/tuckey/urlrewritefilter/4.0.4/urlrewritefilter-4.0.4.jar:/workspace/m2-repository/com/atlassian/sourcemap/sourcemap/1.7.7/sourcemap-1.7.7.jar:/workspace/m2-repository/com/google/code/gson/gson/2.8.9/gson-2.8.9.jar:/workspace/m2-repository/com/atlassian/plugins/atlassian-plugins-webresource-compiler-gcc/4.3.6/atlassian-plugins-webresource-compiler-gcc-4.3.6.jar:/workspace/m2-repository/jfree/jcommon/1.0.8/jcommon-1.0.8.jar:/workspace/m2-repository/com/atlassian/gadgets/atlassian-gadgets-api/7.0.3/atlassian-gadgets-api-7.0.3.jar:/workspace/m2-repository/com/atlassian/johnson/atlassian-johnson-core/4.0.0/atlassian-johnson-core-4.0.0.jar:/workspace/m2-repository/com/atlassian/plugins/atlassian-plugins-servlet/5.0.0/atlassian-plugins-servlet-5.0.0.jar:/workspace/m2-repository/joda-time/joda-time/2.10.5/joda-time-2.10.5.jar:/workspace/m2-repository/commons-lang/commons-lang/2.6/commons-lang-2.6.jar:/workspace/m2-repository/org/apache/commons/commons-lang3/3.12.0/commons-lang3-3.12.0.jar:/workspace/m2-repository/commons-io/commons-io/2.8.0/commons-io-2.8.0.jar:/workspace/m2-repository/commons-httpclient/commons-httpclient/3.1-atlassian-2/commons-httpclient-3.1-atlassian-2.jar:/workspace/m2-repository/log4j/log4j/1.2.17-atlassian-3/log4j-1.2.17-atlassian-3.jar:/workspace/m2-repository/org/slf4j/slf4j-api/1.7.36/slf4j-api-1.7.36.jar:/workspace/m2-repository/com/atlassian/profiling/atlassian-profiling/3.2.0/atlassian-profiling-3.2.0.jar:/workspace/m2-repository/com/atlassian/scheduler/atlassian-scheduler-api/3.0.1/atlassian-scheduler-api-3.0.1.jar:/workspace/m2-repository/com/atlassian/analytics/analytics-api/6.1.12/analytics-api-6.1.12.jar:/workspace/m2-repository/com/atlassian/application/atlassian-application-api/2.0.0/atlassian-application-api-2.0.0.jar:/workspace/m2-repository/javax/validation/validation-api/2.0.1.Final/validation-api-2.0.1.Final.jar:/workspace/m2-repository/javax/inject/javax.inject/1/javax.inject-1.jar:/workspace/m2-repository/com/atlassian/lucene-extras/7.3.1-atlassian-4/lucene-extras-7.3.1-atlassian-4.jar:/workspace/m2-repository/com/atlassian/jira/jira-rest-java-client-api/5.2.4/jira-rest-java-client-api-5.2.4.jar:/workspace/m2-repository/io/atlassian/util/concurrent/atlassian-util-concurrent/4.0.1/atlassian-util-concurrent-4.0.1.jar:/workspace/m2-repository/com/atlassian/httpclient/atlassian-httpclient-api/2.1.5/atlassian-httpclient-api-2.1.5.jar:/workspace/m2-repository/com/google/code/findbugs/jsr305/3.0.2/jsr305-3.0.2.jar:/workspace/m2-repository/com/atlassian/event/atlassian-event/5.0.0/atlassian-event-5.0.0.jar:/workspace/m2-repository/com/atlassian/jira/jira-rest-java-client-core/5.2.4/jira-rest-java-client-core-5.2.4.jar:/workspace/m2-repository/org/glassfish/jersey/core/jersey-client/2.35/jersey-client-2.35.jar:/workspace/m2-repository/jakarta/ws/rs/jakarta.ws.rs-api/2.1.6/jakarta.ws.rs-api-2.1.6.jar:/workspace/m2-repository/org/glassfish/jersey/core/jersey-common/2.35/jersey-common-2.35.jar:/workspace/m2-repository/org/glassfish/hk2/osgi-resource-locator/1.0.3/osgi-resource-locator-1.0.3.jar:/workspace/m2-repository/org/glassfish/hk2/external/jakarta.inject/2.6.1/jakarta.inject-2.6.1.jar:/workspace/m2-repository/org/glassfish/jersey/media/jersey-media-json-jettison/2.35/jersey-media-json-jettison-2.35.jar:/workspace/m2-repository/org/glassfish/jersey/media/jersey-media-jaxb/2.35/jersey-media-jaxb-2.35.jar:/workspace/m2-repository/org/codehaus/jettison/jettison/1.3.7/jettison-1.3.7.jar:/workspace/m2-repository/org/springframework/spring-beans/5.3.18/spring-beans-5.3.18.jar:/workspace/m2-repository/com/atlassian/httpclient/atlassian-httpclient-library/2.1.5/atlassian-httpclient-library-2.1.5.jar:/workspace/m2-repository/org/apache/httpcomponents/httpasyncclient-cache/4.1.4/httpasyncclient-cache-4.1.4.jar:/workspace/m2-repository/org/apache/httpcomponents/httpclient-cache/4.5.13/httpclient-cache-4.5.13.jar:/workspace/m2-repository/org/apache/httpcomponents/httpclient/4.5.13/httpclient-4.5.13.jar:/workspace/m2-repository/commons-logging/commons-logging/1.2/commons-logging-1.2.jar:/workspace/m2-repository/org/apache/httpcomponents/httpasyncclient/4.1.5/httpasyncclient-4.1.5.jar:/workspace/m2-repository/org/apache/httpcomponents/httpcore/4.4.15/httpcore-4.4.15.jar:/workspace/m2-repository/org/apache/httpcomponents/httpcore-nio/4.4.15/httpcore-nio-4.4.15.jar:/workspace/m2-repository/org/apache/httpcomponents/httpmime/4.5.13/httpmime-4.5.13.jar:/workspace/m2-repository/commons-codec/commons-codec/1.15/commons-codec-1.15.jar:/workspace/m2-repository/com/atlassian/sal/sal-api/4.7.0/sal-api-4.7.0.jar:/workspace/m2-repository/io/atlassian/fugue/fugue/5.0.0/fugue-5.0.0.jar:/workspace/m2-repository/javax/transaction/jta/1.1/jta-1.1.jar:/workspace/m2-repository/javax/ws/rs/javax.ws.rs-api/2.1.1/javax.ws.rs-api-2.1.1.jar:/workspace/m2-repository/com/googlecode/json-simple/json-simple/1.1.1/json-simple-1.1.1.jar:/workspace/m2-repository/junit/junit/4.13.2/junit-4.13.2.jar:/workspace/m2-repository/org/hamcrest/hamcrest-core/2.2/hamcrest-core-2.2.jar:"/>
    <property name="java.vm.vendor" value="Azul Systems, Inc."/>
    <property name="sun.arch.data.model" value="64"/>
    <property name="java.vendor.url" value="http://www.azul.com/"/>
    <property name="user.timezone" value=""/>
    <property name="java.vm.specification.version" value="11"/>
    <property name="os.name" value="Linux"/>
    <property name="sun.java.launcher" value="SUN_STANDARD"/>
    <property name="user.country" value="US"/>
    <property name="sun.boot.library.path" value="/home/gitpod/.sdkman/candidates/java/11.0.15.fx-zulu/lib"/>
    <property name="sun.java.command" value="/workspace/KITSJiraClient/target/surefire/surefirebooter17152823623069598777.jar /workspace/KITSJiraClient/target/surefire 2022-06-17T21-07-59_588-jvmRun1 surefire16603651004932042347tmp surefire_012802942816976499345tmp"/>
    <property name="jdk.debug" value="release"/>
    <property name="surefire.test.class.path" value="/workspace/KITSJiraClient/target/test-classes:/workspace/KITSJiraClient/target/classes:/workspace/m2-repository/org/springframework/boot/spring-boot-starter-web/2.6.6/spring-boot-starter-web-2.6.6.jar:/workspace/m2-repository/org/springframework/boot/spring-boot-starter/2.6.6/spring-boot-starter-2.6.6.jar:/workspace/m2-repository/org/springframework/boot/spring-boot/2.6.6/spring-boot-2.6.6.jar:/workspace/m2-repository/org/springframework/boot/spring-boot-autoconfigure/2.6.6/spring-boot-autoconfigure-2.6.6.jar:/workspace/m2-repository/org/springframework/boot/spring-boot-starter-logging/2.6.6/spring-boot-starter-logging-2.6.6.jar:/workspace/m2-repository/ch/qos/logback/logback-classic/1.2.11/logback-classic-1.2.11.jar:/workspace/m2-repository/ch/qos/logback/logback-core/1.2.11/logback-core-1.2.11.jar:/workspace/m2-repository/org/apache/logging/log4j/log4j-to-slf4j/2.17.2/log4j-to-slf4j-2.17.2.jar:/workspace/m2-repository/org/apache/logging/log4j/log4j-api/2.17.2/log4j-api-2.17.2.jar:/workspace/m2-repository/org/slf4j/jul-to-slf4j/1.7.36/jul-to-slf4j-1.7.36.jar:/workspace/m2-repository/jakarta/annotation/jakarta.annotation-api/1.3.5/jakarta.annotation-api-1.3.5.jar:/workspace/m2-repository/org/yaml/snakeyaml/1.29/snakeyaml-1.29.jar:/workspace/m2-repository/org/springframework/boot/spring-boot-starter-json/2.6.6/spring-boot-starter-json-2.6.6.jar:/workspace/m2-repository/com/fasterxml/jackson/core/jackson-databind/2.13.2.2/jackson-databind-2.13.2.2.jar:/workspace/m2-repository/com/fasterxml/jackson/core/jackson-annotations/2.13.2/jackson-annotations-2.13.2.jar:/workspace/m2-repository/com/fasterxml/jackson/core/jackson-core/2.13.2/jackson-core-2.13.2.jar:/workspace/m2-repository/com/fasterxml/jackson/datatype/jackson-datatype-jdk8/2.13.2/jackson-datatype-jdk8-2.13.2.jar:/workspace/m2-repository/com/fasterxml/jackson/datatype/jackson-datatype-jsr310/2.13.2/jackson-datatype-jsr310-2.13.2.jar:/workspace/m2-repository/com/fasterxml/jackson/module/jackson-module-parameter-names/2.13.2/jackson-module-parameter-names-2.13.2.jar:/workspace/m2-repository/org/springframework/boot/spring-boot-starter-tomcat/2.6.6/spring-boot-starter-tomcat-2.6.6.jar:/workspace/m2-repository/org/apache/tomcat/embed/tomcat-embed-core/9.0.60/tomcat-embed-core-9.0.60.jar:/workspace/m2-repository/org/apache/tomcat/embed/tomcat-embed-el/9.0.60/tomcat-embed-el-9.0.60.jar:/workspace/m2-repository/org/apache/tomcat/embed/tomcat-embed-websocket/9.0.60/tomcat-embed-websocket-9.0.60.jar:/workspace/m2-repository/org/springframework/spring-web/5.3.18/spring-web-5.3.18.jar:/workspace/m2-repository/org/springframework/spring-webmvc/5.3.18/spring-webmvc-5.3.18.jar:/workspace/m2-repository/org/springframework/spring-aop/5.3.18/spring-aop-5.3.18.jar:/workspace/m2-repository/org/springframework/spring-context/5.3.18/spring-context-5.3.18.jar:/workspace/m2-repository/org/springframework/spring-expression/5.3.18/spring-expression-5.3.18.jar:/workspace/m2-repository/org/springframework/boot/spring-boot-starter-test/2.6.6/spring-boot-starter-test-2.6.6.jar:/workspace/m2-repository/org/springframework/boot/spring-boot-test/2.6.6/spring-boot-test-2.6.6.jar:/workspace/m2-repository/org/springframework/boot/spring-boot-test-autoconfigure/2.6.6/spring-boot-test-autoconfigure-2.6.6.jar:/workspace/m2-repository/com/jayway/jsonpath/json-path/2.6.0/json-path-2.6.0.jar:/workspace/m2-repository/net/minidev/json-smart/2.4.8/json-smart-2.4.8.jar:/workspace/m2-repository/net/minidev/accessors-smart/2.4.8/accessors-smart-2.4.8.jar:/workspace/m2-repository/org/ow2/asm/asm/9.1/asm-9.1.jar:/workspace/m2-repository/jakarta/xml/bind/jakarta.xml.bind-api/2.3.3/jakarta.xml.bind-api-2.3.3.jar:/workspace/m2-repository/jakarta/activation/jakarta.activation-api/1.2.2/jakarta.activation-api-1.2.2.jar:/workspace/m2-repository/org/assertj/assertj-core/3.21.0/assertj-core-3.21.0.jar:/workspace/m2-repository/org/hamcrest/hamcrest/2.2/hamcrest-2.2.jar:/workspace/m2-repository/org/junit/jupiter/junit-jupiter/5.8.2/junit-jupiter-5.8.2.jar:/workspace/m2-repository/org/junit/jupiter/junit-jupiter-api/5.8.2/junit-jupiter-api-5.8.2.jar:/workspace/m2-repository/org/opentest4j/opentest4j/1.2.0/opentest4j-1.2.0.jar:/workspace/m2-repository/org/junit/platform/junit-platform-commons/1.8.2/junit-platform-commons-1.8.2.jar:/workspace/m2-repository/org/apiguardian/apiguardian-api/1.1.2/apiguardian-api-1.1.2.jar:/workspace/m2-repository/org/junit/jupiter/junit-jupiter-params/5.8.2/junit-jupiter-params-5.8.2.jar:/workspace/m2-repository/org/junit/jupiter/junit-jupiter-engine/5.8.2/junit-jupiter-engine-5.8.2.jar:/workspace/m2-repository/org/junit/platform/junit-platform-engine/1.8.2/junit-platform-engine-1.8.2.jar:/workspace/m2-repository/org/mockito/mockito-core/4.0.0/mockito-core-4.0.0.jar:/workspace/m2-repository/net/bytebuddy/byte-buddy/1.11.22/byte-buddy-1.11.22.jar:/workspace/m2-repository/net/bytebuddy/byte-buddy-agent/1.11.22/byte-buddy-agent-1.11.22.jar:/workspace/m2-repository/org/objenesis/objenesis/3.2/objenesis-3.2.jar:/workspace/m2-repository/org/mockito/mockito-junit-jupiter/4.0.0/mockito-junit-jupiter-4.0.0.jar:/workspace/m2-repository/org/skyscreamer/jsonassert/1.5.0/jsonassert-1.5.0.jar:/workspace/m2-repository/com/vaadin/external/google/android-json/0.0.20131108.vaadin1/android-json-0.0.20131108.vaadin1.jar:/workspace/m2-repository/org/springframework/spring-core/5.3.18/spring-core-5.3.18.jar:/workspace/m2-repository/org/springframework/spring-jcl/5.3.18/spring-jcl-5.3.18.jar:/workspace/m2-repository/org/springframework/spring-test/5.3.18/spring-test-5.3.18.jar:/workspace/m2-repository/org/xmlunit/xmlunit-core/2.8.4/xmlunit-core-2.8.4.jar:/workspace/m2-repository/com/atlassian/jira/jira-api/8.20.4/jira-api-8.20.4.jar:/workspace/m2-repository/com/atlassian/annotations/atlassian-annotations/3.0.3/atlassian-annotations-3.0.3.jar:/workspace/m2-repository/org/checkerframework/checker-qual/2.8.1/checker-qual-2.8.1.jar:/workspace/m2-repository/com/atlassian/ofbiz/entityengine-share/1.5.0/entityengine-share-1.5.0.jar:/workspace/m2-repository/xerces/xercesImpl/2.12.0/xercesImpl-2.12.0.jar:/workspace/m2-repository/xml-apis/xml-apis/1.4.01/xml-apis-1.4.01.jar:/workspace/m2-repository/com/atlassian/ofbiz/entityengine/1.5.0/entityengine-1.5.0.jar:/workspace/m2-repository/com/atlassian/collectors/atlassian-collectors-util/1.1/atlassian-collectors-util-1.1.jar:/workspace/m2-repository/opensymphony/webwork/1.4-atlassian-30/webwork-1.4-atlassian-30.jar:/workspace/m2-repository/com/atlassian/html/atlassian-html-encoder/1.4/atlassian-html-encoder-1.4.jar:/workspace/m2-repository/webwork/pell-multipart-request/1.31.0/pell-multipart-request-1.31.0.jar:/workspace/m2-repository/com/atlassian/core/atlassian-core/7.0.4/atlassian-core-7.0.4.jar:/workspace/m2-repository/commons-collections/commons-collections/3.2.2/commons-collections-3.2.2.jar:/workspace/m2-repository/dom4j/dom4j/1.6.1-atlassian-2/dom4j-1.6.1-atlassian-2.jar:/workspace/m2-repository/com/atlassian/image/atlassian-image-consumer/1.0.1/atlassian-image-consumer-1.0.1.jar:/workspace/m2-repository/com/atlassian/core/atlassian-core-user/7.0.4/atlassian-core-user-7.0.4.jar:/workspace/m2-repository/com/atlassian/core/atlassian-core-thumbnail/7.0.4/atlassian-core-thumbnail-7.0.4.jar:/workspace/m2-repository/com/twelvemonkeys/imageio/imageio-jpeg/3.4.1/imageio-jpeg-3.4.1.jar:/workspace/m2-repository/com/twelvemonkeys/imageio/imageio-core/3.4.1/imageio-core-3.4.1.jar:/workspace/m2-repository/com/twelvemonkeys/imageio/imageio-metadata/3.4.1/imageio-metadata-3.4.1.jar:/workspace/m2-repository/com/twelvemonkeys/common/common-lang/3.4.1/common-lang-3.4.1.jar:/workspace/m2-repository/com/twelvemonkeys/common/common-io/3.4.1/common-io-3.4.1.jar:/workspace/m2-repository/com/twelvemonkeys/common/common-image/3.4.1/common-image-3.4.1.jar:/workspace/m2-repository/com/twelvemonkeys/imageio/imageio-tiff/3.4.1/imageio-tiff-3.4.1.jar:/workspace/m2-repository/com/atlassian/extras/atlassian-extras/3.4.6/atlassian-extras-3.4.6.jar:/workspace/m2-repository/com/atlassian/extras/atlassian-extras-key-manager/3.4.6/atlassian-extras-key-manager-3.4.6.jar:/workspace/m2-repository/com/atlassian/extras/atlassian-extras-common/3.4.6/atlassian-extras-common-3.4.6.jar:/workspace/m2-repository/com/atlassian/extras/atlassian-extras-api/3.4.6/atlassian-extras-api-3.4.6.jar:/workspace/m2-repository/com/atlassian/velocity/atlassian-velocity/1.3/atlassian-velocity-1.3.jar:/workspace/m2-repository/opensymphony/oscore/2.2.7/oscore-2.2.7.jar:/workspace/m2-repository/org/apache/velocity/velocity/1.6.4/velocity-1.6.4.jar:/workspace/m2-repository/osworkflow/osworkflow/2.9.0-atlassian-1/osworkflow-2.9.0-atlassian-1.jar:/workspace/m2-repository/opensymphony/propertyset/1.5/propertyset-1.5.jar:/workspace/m2-repository/com/atlassian/cache/atlassian-cache-api/5.1.3/atlassian-cache-api-5.1.3.jar:/workspace/m2-repository/com/atlassian/instrumentation/atlassian-instrumentation-core/3.0.0/atlassian-instrumentation-core-3.0.0.jar:/workspace/m2-repository/com/atlassian/beehive/beehive-api/4.0.4/beehive-api-4.0.4.jar:/workspace/m2-repository/com/atlassian/tenancy/atlassian-tenancy-api/3.0.1/atlassian-tenancy-api-3.0.1.jar:/workspace/m2-repository/com/atlassian/upgrade/upgrade-task-framework-api/2.0.2/upgrade-task-framework-api-2.0.2.jar:/workspace/m2-repository/com/atlassian/crowd/embedded-crowd-api/4.3.6-743967e012/embedded-crowd-api-4.3.6-743967e012.jar:/workspace/m2-repository/com/google/guava/guava/26.0-jre/guava-26.0-jre.jar:/workspace/m2-repository/com/google/errorprone/error_prone_annotations/2.1.3/error_prone_annotations-2.1.3.jar:/workspace/m2-repository/com/google/j2objc/j2objc-annotations/1.1/j2objc-annotations-1.1.jar:/workspace/m2-repository/org/codehaus/mojo/animal-sniffer-annotations/1.14/animal-sniffer-annotations-1.14.jar:/workspace/m2-repository/com/atlassian/fugue/fugue/2.7.0/fugue-2.7.0.jar:/workspace/m2-repository/org/codehaus/jackson/jackson-core-asl/1.9.13-atlassian-6/jackson-core-asl-1.9.13-atlassian-6.jar:/workspace/m2-repository/org/codehaus/jackson/jackson-mapper-asl/1.9.13-atlassian-6/jackson-mapper-asl-1.9.13-atlassian-6.jar:/workspace/m2-repository/com/sun/mail/jakarta.mail/1.6.7/jakarta.mail-1.6.7.jar:/workspace/m2-repository/com/sun/activation/jakarta.activation/1.2.2/jakarta.activation-1.2.2.jar:/workspace/m2-repository/com/atlassian/mail/atlassian-mail/5.1.2/atlassian-mail-5.1.2.jar:/workspace/m2-repository/commons-beanutils/commons-beanutils/1.9.4/commons-beanutils-1.9.4.jar:/workspace/m2-repository/commons-digester/commons-digester/1.8.1/commons-digester-1.8.1.jar:/workspace/m2-repository/oro/oro/2.0.7/oro-2.0.7.jar:/workspace/m2-repository/com/atlassian/threadlocal/atlassian-threadlocal/1.3/atlassian-threadlocal-1.3.jar:/workspace/m2-repository/com/atlassian/applinks/applinks-api/8.0.8/applinks-api-8.0.8.jar:/workspace/m2-repository/com/google/javascript/closure-compiler-unshaded/v20181008/closure-compiler-unshaded-v20181008.jar:/workspace/m2-repository/com/google/javascript/closure-compiler-externs/v20181008/closure-compiler-externs-v20181008.jar:/workspace/m2-repository/args4j/args4j/2.0.26/args4j-2.0.26.jar:/workspace/m2-repository/com/google/jsinterop/jsinterop-annotations/1.0.0/jsinterop-annotations-1.0.0.jar:/workspace/m2-repository/com/google/protobuf/protobuf-java/3.4.0/protobuf-java-3.4.0.jar:/workspace/m2-repository/com/atlassian/velocity/htmlsafe/velocity-htmlsafe/3.2.0/velocity-htmlsafe-3.2.0.jar:/workspace/m2-repository/com/atlassian/plugins/atlassian-plugins-api/5.3.13/atlassian-plugins-api-5.3.13.jar:/workspace/m2-repository/com/atlassian/plugins/atlassian-plugins-webfragment/5.3.2/atlassian-plugins-webfragment-5.3.2.jar:/workspace/m2-repository/com/atlassian/plugins/atlassian-plugins-webfragment-api/5.3.2/atlassian-plugins-webfragment-api-5.3.2.jar:/workspace/m2-repository/com/atlassian/ozymandias/atlassian-plugin-point-safety/1.0.0/atlassian-plugin-point-safety-1.0.0.jar:/workspace/m2-repository/jfree/jfreechart/1.0.13/jfreechart-1.0.13.jar:/workspace/m2-repository/com/atlassian/plugins/atlassian-plugins-webresource/4.3.6/atlassian-plugins-webresource-4.3.6.jar:/workspace/m2-repository/com/atlassian/plugins/atlassian-plugins-webresource-spi/4.3.6/atlassian-plugins-webresource-spi-4.3.6.jar:/workspace/m2-repository/com/atlassian/plugins/atlassian-plugins-webresource-api/4.3.6/atlassian-plugins-webresource-api-4.3.6.jar:/workspace/m2-repository/org/tuckey/urlrewritefilter/4.0.4/urlrewritefilter-4.0.4.jar:/workspace/m2-repository/com/atlassian/sourcemap/sourcemap/1.7.7/sourcemap-1.7.7.jar:/workspace/m2-repository/com/google/code/gson/gson/2.8.9/gson-2.8.9.jar:/workspace/m2-repository/com/atlassian/plugins/atlassian-plugins-webresource-compiler-gcc/4.3.6/atlassian-plugins-webresource-compiler-gcc-4.3.6.jar:/workspace/m2-repository/jfree/jcommon/1.0.8/jcommon-1.0.8.jar:/workspace/m2-repository/com/atlassian/gadgets/atlassian-gadgets-api/7.0.3/atlassian-gadgets-api-7.0.3.jar:/workspace/m2-repository/com/atlassian/johnson/atlassian-johnson-core/4.0.0/atlassian-johnson-core-4.0.0.jar:/workspace/m2-repository/com/atlassian/plugins/atlassian-plugins-servlet/5.0.0/atlassian-plugins-servlet-5.0.0.jar:/workspace/m2-repository/joda-time/joda-time/2.10.5/joda-time-2.10.5.jar:/workspace/m2-repository/commons-lang/commons-lang/2.6/commons-lang-2.6.jar:/workspace/m2-repository/org/apache/commons/commons-lang3/3.12.0/commons-lang3-3.12.0.jar:/workspace/m2-repository/commons-io/commons-io/2.8.0/commons-io-2.8.0.jar:/workspace/m2-repository/commons-httpclient/commons-httpclient/3.1-atlassian-2/commons-httpclient-3.1-atlassian-2.jar:/workspace/m2-repository/log4j/log4j/1.2.17-atlassian-3/log4j-1.2.17-atlassian-3.jar:/workspace/m2-repository/org/slf4j/slf4j-api/1.7.36/slf4j-api-1.7.36.jar:/workspace/m2-repository/com/atlassian/profiling/atlassian-profiling/3.2.0/atlassian-profiling-3.2.0.jar:/workspace/m2-repository/com/atlassian/scheduler/atlassian-scheduler-api/3.0.1/atlassian-scheduler-api-3.0.1.jar:/workspace/m2-repository/com/atlassian/analytics/analytics-api/6.1.12/analytics-api-6.1.12.jar:/workspace/m2-repository/com/atlassian/application/atlassian-application-api/2.0.0/atlassian-application-api-2.0.0.jar:/workspace/m2-repository/javax/validation/validation-api/2.0.1.Final/validation-api-2.0.1.Final.jar:/workspace/m2-repository/javax/inject/javax.inject/1/javax.inject-1.jar:/workspace/m2-repository/com/atlassian/lucene-extras/7.3.1-atlassian-4/lucene-extras-7.3.1-atlassian-4.jar:/workspace/m2-repository/com/atlassian/jira/jira-rest-java-client-api/5.2.4/jira-rest-java-client-api-5.2.4.jar:/workspace/m2-repository/io/atlassian/util/concurrent/atlassian-util-concurrent/4.0.1/atlassian-util-concurrent-4.0.1.jar:/workspace/m2-repository/com/atlassian/httpclient/atlassian-httpclient-api/2.1.5/atlassian-httpclient-api-2.1.5.jar:/workspace/m2-repository/com/google/code/findbugs/jsr305/3.0.2/jsr305-3.0.2.jar:/workspace/m2-repository/com/atlassian/event/atlassian-event/5.0.0/atlassian-event-5.0.0.jar:/workspace/m2-repository/com/atlassian/jira/jira-rest-java-client-core/5.2.4/jira-rest-java-client-core-5.2.4.jar:/workspace/m2-repository/org/glassfish/jersey/core/jersey-client/2.35/jersey-client-2.35.jar:/workspace/m2-repository/jakarta/ws/rs/jakarta.ws.rs-api/2.1.6/jakarta.ws.rs-api-2.1.6.jar:/workspace/m2-repository/org/glassfish/jersey/core/jersey-common/2.35/jersey-common-2.35.jar:/workspace/m2-repository/org/glassfish/hk2/osgi-resource-locator/1.0.3/osgi-resource-locator-1.0.3.jar:/workspace/m2-repository/org/glassfish/hk2/external/jakarta.inject/2.6.1/jakarta.inject-2.6.1.jar:/workspace/m2-repository/org/glassfish/jersey/media/jersey-media-json-jettison/2.35/jersey-media-json-jettison-2.35.jar:/workspace/m2-repository/org/glassfish/jersey/media/jersey-media-jaxb/2.35/jersey-media-jaxb-2.35.jar:/workspace/m2-repository/org/codehaus/jettison/jettison/1.3.7/jettison-1.3.7.jar:/workspace/m2-repository/org/springframework/spring-beans/5.3.18/spring-beans-5.3.18.jar:/workspace/m2-repository/com/atlassian/httpclient/atlassian-httpclient-library/2.1.5/atlassian-httpclient-library-2.1.5.jar:/workspace/m2-repository/org/apache/httpcomponents/httpasyncclient-cache/4.1.4/httpasyncclient-cache-4.1.4.jar:/workspace/m2-repository/org/apache/httpcomponents/httpclient-cache/4.5.13/httpclient-cache-4.5.13.jar:/workspace/m2-repository/org/apache/httpcomponents/httpclient/4.5.13/httpclient-4.5.13.jar:/workspace/m2-repository/commons-logging/commons-logging/1.2/commons-logging-1.2.jar:/workspace/m2-repository/org/apache/httpcomponents/httpasyncclient/4.1.5/httpasyncclient-4.1.5.jar:/workspace/m2-repository/org/apache/httpcomponents/httpcore/4.4.15/httpcore-4.4.15.jar:/workspace/m2-repository/org/apache/httpcomponents/httpcore-nio/4.4.15/httpcore-nio-4.4.15.jar:/workspace/m2-repository/org/apache/httpcomponents/httpmime/4.5.13/httpmime-4.5.13.jar:/workspace/m2-repository/commons-codec/commons-codec/1.15/commons-codec-1.15.jar:/workspace/m2-repository/com/atlassian/sal/sal-api/4.7.0/sal-api-4.7.0.jar:/workspace/m2-repository/io/atlassian/fugue/fugue/5.0.0/fugue-5.0.0.jar:/workspace/m2-repository/javax/transaction/jta/1.1/jta-1.1.jar:/workspace/m2-repository/javax/ws/rs/javax.ws.rs-api/2.1.1/javax.ws.rs-api-2.1.1.jar:/workspace/m2-repository/com/googlecode/json-simple/json-simple/1.1.1/json-simple-1.1.1.jar:/workspace/m2-repository/junit/junit/4.13.2/junit-4.13.2.jar:/workspace/m2-repository/org/hamcrest/hamcrest-core/2.2/hamcrest-core-2.2.jar:"/>
    <property name="sun.cpu.endian" value="little"/>
    <property name="user.home" value="/home/gitpod"/>
    <property name="user.language" value="en"/>
    <property name="java.specification.vendor" value="Oracle Corporation"/>
    <property name="java.version.date" value="2022-04-19"/>
    <property name="java.home" value="/home/gitpod/.sdkman/candidates/java/11.0.15.fx-zulu"/>
    <property name="file.separator" value="/"/>
    <property name="basedir" value="/workspace/KITSJiraClient"/>
    <property name="java.vm.compressedOopsMode" value="Zero based"/>
    <property name="line.separator" value="&#10;"/>
    <property name="java.specification.name" value="Java Platform API Specification"/>
    <property name="java.vm.specification.vendor" value="Oracle Corporation"/>
    <property name="jdk.vendor.version" value="Zulu11.56+19-CA"/>
    <property name="java.awt.graphicsenv" value="sun.awt.X11GraphicsEnvironment"/>
    <property name="surefire.real.class.path" value="/workspace/KITSJiraClient/target/surefire/surefirebooter17152823623069598777.jar"/>
    <property name="sun.management.compiler" value="HotSpot 64-Bit Tiered Compilers"/>
    <property name="java.runtime.version" value="11.0.15+10-LTS"/>
    <property name="user.name" value="gitpod"/>
    <property name="path.separator" value=":"/>
    <property name="os.version" value="5.16.20-051620-generic"/>
    <property name="java.runtime.name" value="OpenJDK Runtime Environment"/>
    <property name="file.encoding" value="UTF-8"/>
    <property name="java.vm.name" value="OpenJDK 64-Bit Server VM"/>
    <property name="java.vendor.version" value="Zulu11.56+19-CA"/>
    <property name="localRepository" value="/workspace/m2-repository"/>
    <property name="java.vendor.url.bug" value="http://www.azul.com/support/"/>
    <property name="java.io.tmpdir" value="/tmp"/>
    <property name="java.version" value="11.0.15"/>
    <property name="user.dir" value="/workspace/KITSJiraClient"/>
    <property name="os.arch" value="amd64"/>
    <property name="java.vm.specification.name" value="Java Virtual Machine Specification"/>
    <property name="java.awt.printerjob" value="sun.print.PSPrinterJob"/>
    <property name="sun.os.patch.level" value="unknown"/>
    <property name="java.library.path" value="/usr/java/packages/lib:/usr/lib64:/lib64:/lib:/usr/lib"/>
    <property name="java.vm.info" value="mixed mode"/>
    <property name="java.vendor" value="Azul Systems, Inc."/>
    <property name="java.vm.version" value="11.0.15+10-LTS"/>
    <property name="sun.io.unicode.encoding" value="UnicodeLittle"/>
    <property name="java.class.version" value="55.0"/>
  </properties>
  <testcase name="contextLoads" classname="com.jira.kitsjiraclient.KitsjiraclientApplicationTests" time="0.28"/>
</testsuite>